TN:
SF:src/wasm/program/calc/convert.ts
FN:3,generateConvert
FN:69,generateConvertInteger
FNF:2
FNH:1
FNDA:32,generateConvert
FNDA:0,generateConvertInteger
DA:3,1
DA:9,32
DA:10,32
DA:11,32
DA:13,24
DA:14,24
DA:16,6
DA:18,2
DA:19,2
DA:21,2
DA:22,2
DA:24,2
DA:25,2
DA:27,0
DA:29,6
DA:31,2
DA:32,2
DA:34,2
DA:35,2
DA:37,2
DA:38,2
DA:40,0
DA:42,6
DA:44,2
DA:45,2
DA:47,2
DA:48,2
DA:50,2
DA:51,2
DA:53,0
DA:55,6
DA:57,2
DA:58,2
DA:60,2
DA:61,2
DA:63,2
DA:64,2
DA:69,1
DA:75,0
DA:76,0
DA:77,0
DA:79,0
DA:80,0
DA:82,0
DA:84,0
DA:85,0
DA:87,0
DA:88,0
DA:90,0
DA:92,0
DA:94,0
DA:96,0
DA:97,0
DA:99,0
DA:100,0
DA:102,0
DA:103,0
DA:105,0
DA:107,0
DA:109,0
DA:110,0
DA:112,0
DA:113,0
DA:115,0
DA:116,0
DA:118,0
LF:66
LH:35
BRDA:9,0,0,0
BRDA:10,1,0,0
BRDA:11,2,0,8
BRDA:13,3,0,12
BRDA:13,3,1,12
BRDA:14,4,0,6
BRDA:14,4,1,6
BRDA:14,4,2,6
BRDA:14,4,3,6
BRDA:16,5,0,2
BRDA:16,5,1,2
BRDA:16,5,2,2
BRDA:29,6,0,2
BRDA:29,6,1,2
BRDA:29,6,2,2
BRDA:42,7,0,2
BRDA:42,7,1,2
BRDA:42,7,2,2
BRDA:55,8,0,2
BRDA:55,8,1,2
BRDA:55,8,2,2
BRDA:75,9,0,0
BRDA:76,10,0,0
BRDA:77,11,0,0
BRDA:79,12,0,0
BRDA:79,12,1,0
BRDA:80,13,0,0
BRDA:80,13,1,0
BRDA:80,13,2,0
BRDA:82,14,0,0
BRDA:82,14,1,0
BRDA:82,14,2,0
BRDA:94,15,0,0
BRDA:94,15,1,0
BRDA:94,15,2,0
BRDA:107,16,0,0
BRDA:107,16,1,0
BRDA:107,16,2,0
BRF:38
BRH:19
end_of_record
TN:
SF:src/wasm/program/calc/lexer.ts
FN:23,parseTokens
FN:37,nextToken
FN:51,checkToken
FN:79,detectNumbersSigns
FNF:4
FNH:4
FNDA:3,parseTokens
FNDA:20,nextToken
FNDA:190,checkToken
FNDA:3,detectNumbersSigns
DA:1,1
DA:23,1
DA:24,3
DA:25,3
DA:26,3
DA:27,20
DA:28,20
DA:29,20
DA:30,20
DA:32,14
DA:34,3
DA:38,104
DA:39,104
DA:40,104
DA:42,20
DA:44,0
DA:51,1
DA:56,190
DA:57,190
DA:59,190
DA:60,190
DA:61,190
DA:63,106
DA:66,1
DA:80,3
DA:81,3
DA:82,3
DA:83,14
DA:84,14
DA:85,1
DA:86,1
DA:87,1
DA:89,0
DA:92,13
DA:93,0
DA:94,13
DA:95,0
DA:97,13
DA:99,13
DA:101,14
DA:103,3
LF:41
LH:37
BRDA:30,0,0,6
BRDA:40,1,0,84
BRDA:57,2,0,0
BRDA:61,3,0,84
BRDA:84,4,0,1
BRDA:84,4,1,13
BRDA:85,5,0,1
BRDA:85,5,1,0
BRDA:92,6,0,0
BRDA:92,6,1,13
BRDA:92,7,0,13
BRDA:92,7,1,0
BRDA:94,8,0,0
BRDA:94,8,1,13
BRDA:94,9,0,13
BRDA:94,9,1,0
BRF:16
BRH:10
end_of_record
