TN:
SF:src/ui/color/color.ts
FN:29,(anonymous_3)
FN:342,Color
FN:30,(anonymous_5)
FN:36,(anonymous_6)
FN:48,(anonymous_7)
FN:60,(anonymous_8)
FN:73,(anonymous_9)
FN:91,(anonymous_10)
FN:108,(anonymous_11)
FN:130,(anonymous_12)
FN:154,(anonymous_13)
FN:163,(anonymous_14)
FN:172,(anonymous_15)
FN:176,(anonymous_16)
FN:180,(anonymous_17)
FN:195,(anonymous_18)
FN:208,(anonymous_19)
FN:220,(anonymous_20)
FN:237,(anonymous_21)
FN:241,(anonymous_22)
FN:253,(anonymous_23)
FN:272,(anonymous_24)
FN:287,(anonymous_25)
FN:296,(anonymous_26)
FN:301,(anonymous_27)
FN:319,(anonymous_28)
FN:356,(anonymous_29)
FN:372,(anonymous_30)
FN:422,(anonymous_31)
FN:444,(anonymous_32)
FN:454,(anonymous_33)
FN:465,(anonymous_34)
FN:494,(anonymous_35)
FN:532,(anonymous_36)
FN:536,(anonymous_37)
FN:540,(anonymous_38)
FN:589,(anonymous_39)
FN:605,(anonymous_40)
FN:620,(anonymous_41)
FN:637,clamp01
FN:641,hexa2
FNF:41
FNH:21
FNDA:1,(anonymous_3)
FNDA:146,Color
FNDA:70,(anonymous_5)
FNDA:0,(anonymous_6)
FNDA:0,(anonymous_7)
FNDA:0,(anonymous_8)
FNDA:0,(anonymous_9)
FNDA:148,(anonymous_10)
FNDA:10,(anonymous_11)
FNDA:2,(anonymous_12)
FNDA:3,(anonymous_13)
FNDA:2,(anonymous_14)
FNDA:0,(anonymous_15)
FNDA:0,(anonymous_16)
FNDA:0,(anonymous_17)
FNDA:0,(anonymous_18)
FNDA:2,(anonymous_19)
FNDA:21,(anonymous_20)
FNDA:1,(anonymous_21)
FNDA:1,(anonymous_22)
FNDA:3,(anonymous_23)
FNDA:22,(anonymous_24)
FNDA:0,(anonymous_25)
FNDA:0,(anonymous_26)
FNDA:0,(anonymous_27)
FNDA:8,(anonymous_28)
FNDA:0,(anonymous_29)
FNDA:0,(anonymous_30)
FNDA:24,(anonymous_31)
FNDA:0,(anonymous_32)
FNDA:145,(anonymous_33)
FNDA:0,(anonymous_34)
FNDA:91,(anonymous_35)
FNDA:0,(anonymous_36)
FNDA:0,(anonymous_37)
FNDA:145,(anonymous_38)
FNDA:0,(anonymous_39)
FNDA:0,(anonymous_40)
FNDA:0,(anonymous_41)
FNDA:2,clamp01
FNDA:277,hexa2
DA:1,1
DA:3,1
DA:4,1
DA:5,1
DA:6,1
DA:7,1
DA:8,1
DA:9,1
DA:10,1
DA:11,1
DA:12,1
DA:13,1
DA:14,1
DA:15,1
DA:16,1
DA:17,1
DA:18,1
DA:19,1
DA:20,1
DA:29,1
DA:30,1
DA:31,70
DA:32,70
DA:33,24
DA:36,1
DA:37,0
DA:38,0
DA:39,0
DA:41,0
DA:42,0
DA:43,0
DA:45,0
DA:48,1
DA:49,0
DA:50,0
DA:51,0
DA:53,0
DA:54,0
DA:55,0
DA:57,0
DA:60,1
DA:65,0
DA:66,0
DA:67,0
DA:68,0
DA:69,0
DA:70,0
DA:73,1
DA:79,0
DA:80,0
DA:81,0
DA:82,0
DA:83,0
DA:84,0
DA:85,0
DA:91,1
DA:92,148
DA:93,148
DA:94,147
DA:99,147
DA:101,0
DA:108,1
DA:112,10
DA:113,10
DA:114,10
DA:115,10
DA:116,10
DA:117,10
DA:118,10
DA:119,5
DA:121,5
DA:130,1
DA:132,8
DA:134,2
DA:135,2
DA:136,2
DA:137,2
DA:138,4
DA:139,4
DA:140,4
DA:141,3
DA:142,3
DA:144,4
DA:147,2
DA:154,1
DA:155,3
DA:156,2
DA:163,1
DA:164,2
DA:165,2
DA:166,2
DA:167,2
DA:168,2
DA:169,2
DA:172,1
DA:173,0
DA:176,1
DA:177,0
DA:180,1
DA:182,0
DA:184,0
DA:185,0
DA:186,0
DA:187,0
DA:195,1
DA:197,0
DA:199,0
DA:200,0
DA:202,0
DA:203,0
DA:204,0
DA:205,0
DA:208,1
DA:209,2
DA:210,2
DA:211,2
DA:220,1
DA:223,21
DA:225,21
DA:226,21
DA:227,21
DA:229,21
DA:237,1
DA:238,1
DA:241,1
DA:242,1
DA:253,1
DA:254,3
DA:255,3
DA:256,3
DA:257,3
DA:258,3
DA:260,3
DA:272,1
DA:278,22
DA:279,22
DA:280,22
DA:281,22
DA:282,22
DA:284,22
DA:287,1
DA:288,0
DA:290,0
DA:296,1
DA:300,0
DA:301,0
DA:302,0
DA:304,0
DA:306,0
DA:307,0
DA:308,0
DA:310,0
DA:319,8
DA:320,8
DA:321,8
DA:324,8
DA:325,8
DA:326,8
DA:327,8
DA:328,7
DA:329,7
DA:331,7
DA:342,171
DA:343,146
DA:344,146
DA:345,146
DA:346,146
DA:347,146
DA:348,146
DA:349,146
DA:351,146
DA:352,145
DA:356,1
DA:357,0
DA:358,0
DA:359,0
DA:360,0
DA:361,0
DA:362,0
DA:363,0
DA:364,0
DA:366,0
DA:372,1
DA:373,0
DA:374,0
DA:375,0
DA:376,0
DA:377,0
DA:379,0
DA:380,0
DA:381,0
DA:383,0
DA:384,0
DA:385,0
DA:386,0
DA:387,0
DA:388,0
DA:389,0
DA:390,0
DA:391,0
DA:394,0
DA:395,0
DA:396,0
DA:398,0
DA:399,0
DA:400,0
DA:401,0
DA:402,0
DA:403,0
DA:404,0
DA:405,0
DA:407,0
DA:408,0
DA:409,0
DA:412,0
DA:413,0
DA:414,0
DA:415,0
DA:422,1
DA:423,24
DA:424,24
DA:425,24
DA:426,24
DA:427,24
DA:428,24
DA:430,24
DA:432,24
DA:434,24
DA:435,24
DA:436,24
DA:437,24
DA:438,24
DA:444,1
DA:445,0
DA:454,145
DA:455,145
DA:456,145
DA:457,0
DA:458,0
DA:459,0
DA:462,0
DA:465,1
DA:466,0
DA:467,0
DA:468,0
DA:470,0
DA:471,0
DA:472,0
DA:474,0
DA:476,0
DA:477,0
DA:478,0
DA:480,0
DA:481,0
DA:482,0
DA:486,0
DA:487,0
DA:489,0
DA:494,1
DA:496,91
DA:499,91
DA:500,4
DA:503,91
DA:504,91
DA:505,129
DA:506,129
DA:507,129
DA:508,74
DA:509,74
DA:513,91
DA:514,91
DA:515,91
DA:517,91
DA:518,17
DA:519,16
DA:521,1
DA:529,91
DA:532,1
DA:533,0
DA:536,1
DA:537,0
DA:540,1
DA:541,145
DA:542,145
DA:543,145
DA:544,145
DA:545,145
DA:547,145
DA:549,41
DA:550,41
DA:551,41
DA:552,41
DA:554,0
DA:555,0
DA:556,0
DA:557,0
DA:558,0
DA:560,103
DA:561,103
DA:562,103
DA:563,103
DA:565,1
DA:566,1
DA:567,1
DA:568,1
DA:569,1
DA:573,145
DA:574,0
DA:576,145
DA:577,145
DA:578,145
DA:579,145
DA:582,145
DA:589,1
DA:590,0
DA:591,0
DA:592,0
DA:593,0
DA:594,0
DA:595,0
DA:596,0
DA:598,0
DA:605,1
DA:606,0
DA:607,0
DA:608,0
DA:609,0
DA:610,0
DA:611,0
DA:613,0
DA:620,1
DA:621,0
DA:622,0
DA:623,0
DA:624,0
DA:625,0
DA:626,0
DA:628,0
DA:630,1
DA:632,1
DA:634,1
DA:635,1
DA:638,2
DA:644,277
DA:648,277
DA:650,277
LF:346
LH:199
BRDA:342,0,0,25
BRDA:351,1,0,145
BRDA:31,2,0,0
BRDA:32,3,0,46
BRDA:37,4,0,0
BRDA:49,5,0,0
BRDA:92,6,0,0
BRDA:93,7,0,1
BRDA:94,8,0,41
BRDA:94,8,1,41
BRDA:94,8,2,146
BRDA:94,8,3,147
BRDA:94,8,4,0
BRDA:118,9,0,5
BRDA:140,10,0,3
BRDA:155,11,0,1
BRDA:164,12,0,0
BRDA:169,13,0,2
BRDA:169,13,1,0
BRDA:182,14,0,0
BRDA:184,15,0,0
BRDA:186,16,0,0
BRDA:197,17,0,0
BRDA:203,18,0,0
BRDA:223,19,0,0
BRDA:300,20,0,0
BRDA:302,21,0,0
BRDA:302,21,1,0
BRDA:319,22,0,0
BRDA:320,23,0,0
BRDA:321,24,0,0
BRDA:327,25,0,1
BRDA:383,26,0,0
BRDA:383,26,1,0
BRDA:384,27,0,0
BRDA:384,27,1,0
BRDA:388,28,0,0
BRDA:388,28,1,0
BRDA:398,29,0,0
BRDA:398,29,1,0
BRDA:402,30,0,0
BRDA:402,30,1,0
BRDA:430,31,0,7
BRDA:430,31,1,17
BRDA:432,32,0,7
BRDA:432,32,1,17
BRDA:434,33,0,8
BRDA:434,33,1,16
BRDA:445,34,0,0
BRDA:445,34,1,0
BRDA:454,35,0,0
BRDA:456,36,0,145
BRDA:457,37,0,0
BRDA:458,38,0,0
BRDA:459,39,0,0
BRDA:476,40,0,0
BRDA:476,40,1,0
BRDA:481,41,0,0
BRDA:481,41,1,0
BRDA:483,42,0,0
BRDA:483,42,1,0
BRDA:486,43,0,0
BRDA:486,43,1,0
BRDA:499,44,0,4
BRDA:507,45,0,74
BRDA:517,46,0,17
BRDA:518,47,0,16
BRDA:518,47,1,1
BRDA:541,48,0,0
BRDA:547,49,0,41
BRDA:547,49,1,0
BRDA:547,49,2,103
BRDA:547,49,3,1
BRDA:547,49,4,0
BRDA:573,50,0,0
BRDA:573,50,1,145
BRDA:573,51,0,145
BRDA:573,51,1,145
BRDA:573,51,2,145
BRDA:573,51,3,145
BRDA:591,52,0,0
BRDA:607,53,0,0
BRDA:622,54,0,0
BRDA:648,55,0,83
BRF:84
BRH:34
end_of_record
TN:
SF:src/ui/view/color-picker/gesture/finger.ts
FN:3,(anonymous_0)
FN:6,(anonymous_2)
FN:20,(anonymous_3)
FNF:3
FNH:3
FNDA:6,(anonymous_0)
FNDA:16,(anonymous_2)
FNDA:2,(anonymous_3)
DA:3,1
DA:4,5
DA:6,1
DA:7,16
DA:8,16
DA:9,13
DA:10,13
DA:11,1
DA:13,1
DA:15,12
DA:17,12
DA:20,1
DA:21,2
DA:22,2
DA:24,1
LF:15
LH:15
BRDA:8,0,0,3
BRDA:10,1,0,1
BRDA:22,2,0,2
BRF:3
BRH:3
end_of_record
TN:
SF:src/wasm/stringify.ts
FN:6,stringifyCode
FN:20,(anonymous_3)
FN:34,makeIndent
FNF:3
FNH:3
FNDA:187,stringifyCode
FNDA:151,(anonymous_3)
FNDA:125,makeIndent
DA:6,195
DA:7,187
DA:8,125
DA:9,3203
DA:10,3203
DA:11,3041
DA:13,125
DA:14,125
DA:15,125
DA:16,125
DA:19,62
DA:20,151
DA:23,28
DA:24,0
DA:25,0
DA:27,28
DA:28,28
DA:29,28
DA:32,1
DA:35,125
DA:36,158
DA:37,125
LF:22
LH:20
BRDA:6,0,0,8
BRDA:7,1,0,125
BRDA:10,2,0,162
BRDA:10,2,1,3041
BRDA:11,3,0,162
BRDA:13,4,0,16
BRDA:15,5,0,16
BRDA:19,6,0,34
BRDA:23,7,0,0
BRDA:28,8,0,0
BRF:10
BRH:8
end_of_record
TN:
SF:src/wasm/program/index.ts
FN:1,(anonymous_1)
FNF:1
FNH:1
FNDA:8,(anonymous_1)
DA:1,9
LF:1
LH:1
BRF:0
BRH:0
end_of_record
TN:
SF:src/wasm/program/program.ts
FN:40,(anonymous_9)
FN:41,Program
FN:73,(anonymous_11)
FN:80,(anonymous_12)
FNF:4
FNH:3
FNDA:1,(anonymous_9)
FNDA:8,Program
FNDA:0,(anonymous_11)
FNDA:2,(anonymous_12)
DA:1,1
DA:2,1
DA:3,1
DA:4,1
DA:5,1
DA:6,1
DA:7,1
DA:8,1
DA:9,1
DA:10,1
DA:11,1
DA:12,1
DA:13,1
DA:14,1
DA:15,1
DA:16,1
DA:17,1
DA:18,1
DA:19,1
DA:20,1
DA:21,1
DA:22,1
DA:23,1
DA:24,1
DA:25,1
DA:26,1
DA:27,1
DA:40,1
DA:41,8
DA:42,8
DA:46,8
DA:47,8
DA:48,8
DA:49,8
DA:50,8
DA:51,8
DA:52,8
DA:53,8
DA:54,8
DA:55,8
DA:56,8
DA:57,8
DA:58,8
DA:59,8
DA:60,8
DA:61,8
DA:62,8
DA:63,8
DA:64,8
DA:65,8
DA:66,8
DA:67,8
DA:68,8
DA:69,8
DA:70,8
DA:71,8
DA:73,1
DA:74,0
DA:80,1
DA:84,2
DA:85,0
DA:88,0
DA:90,0
DA:92,0
DA:94,0
DA:96,0
DA:100,2
DA:102,2
DA:107,1
LF:69
LH:62
BRDA:41,0,0,0
BRDA:42,1,0,8
BRDA:42,1,1,0
BRDA:84,2,0,0
BRDA:85,3,0,0
BRDA:85,3,1,0
BRDA:85,3,2,0
BRDA:85,3,3,0
BRDA:85,3,4,0
BRDA:85,3,5,0
BRDA:100,4,0,0
BRF:11
BRH:1
end_of_record
TN:
SF:src/wasm/program/compilable/compilable.ts
FN:14,(anonymous_20)
FN:19,Compilable
FN:25,(anonymous_22)
FN:68,(anonymous_25)
FN:78,makeLogValueFunc
FN:79,(anonymous_27)
FN:83,makeLogTextFunc
FN:84,(anonymous_29)
FNF:8
FNH:6
FNDA:1,(anonymous_20)
FNDA:8,Compilable
FNDA:8,(anonymous_22)
FNDA:17,(anonymous_25)
FNDA:7,makeLogValueFunc
FNDA:0,(anonymous_27)
FNDA:7,makeLogTextFunc
FNDA:0,(anonymous_29)
DA:1,1
DA:2,1
DA:3,1
DA:5,1
DA:14,1
DA:20,8
DA:21,8
DA:22,8
DA:25,1
DA:28,8
DA:30,8
DA:32,8
DA:33,8
DA:34,8
DA:35,7
DA:39,7
DA:40,7
DA:41,7
DA:42,7
DA:51,7
DA:52,4
DA:53,4
DA:55,7
DA:56,7
DA:62,1
DA:63,1
DA:64,1
DA:69,17
DA:73,1
DA:76,1
DA:79,7
DA:80,0
DA:84,7
LF:33
LH:32
BRDA:20,0,0,8
BRDA:20,0,1,8
BRDA:29,1,0,0
BRDA:29,1,1,8
BRDA:51,2,0,4
BRF:5
BRH:4
end_of_record
TN:
SF:src/wasm/program/compilable/functions.ts
FN:3,(anonymous_0)
FN:8,(anonymous_2)
FN:16,(anonymous_3)
FN:22,(anonymous_4)
FNF:4
FNH:2
FNDA:9,(anonymous_0)
FNDA:0,(anonymous_2)
FNDA:0,(anonymous_3)
FNDA:8,(anonymous_4)
DA:3,1
DA:4,8
DA:6,8
DA:8,1
DA:9,0
DA:10,0
DA:11,0
DA:12,0
DA:16,0
DA:19,0
DA:22,1
DA:23,8
DA:24,0
DA:25,8
DA:27,1
LF:15
LH:8
BRDA:9,0,0,0
BRDA:11,1,0,0
BRDA:23,2,0,0
BRF:3
BRH:0
end_of_record
TN:
SF:src/wasm/program/compilable/index.ts
FN:1,(anonymous_1)
FNF:1
FNH:1
FNDA:1,(anonymous_1)
DA:1,2
LF:1
LH:1
BRF:0
BRH:0
end_of_record
TN:
SF:src/wasm/program/compilable/internals.ts
FN:5,(anonymous_3)
FN:13,(anonymous_5)
FN:17,(anonymous_6)
FN:22,(anonymous_7)
FNF:4
FNH:2
FNDA:9,(anonymous_3)
FNDA:14,(anonymous_5)
FNDA:0,(anonymous_6)
FNDA:0,(anonymous_7)
DA:1,1
DA:2,1
DA:3,1
DA:5,1
DA:6,8
DA:7,8
DA:9,8
DA:10,8
DA:11,8
DA:13,1
DA:14,14
DA:17,1
DA:18,0
DA:19,0
DA:22,1
DA:23,0
DA:25,1
LF:17
LH:14
BRDA:18,0,0,0
BRF:1
BRH:0
end_of_record
TN:
SF:src/wasm/program/compilable/local.ts
FN:3,(anonymous_2)
FN:6,(anonymous_4)
FN:9,(anonymous_5)
FN:13,(anonymous_6)
FN:18,(anonymous_7)
FN:22,(anonymous_8)
FN:26,(anonymous_9)
FN:30,(anonymous_10)
FN:44,(anonymous_11)
FN:52,(anonymous_12)
FN:60,(anonymous_13)
FN:68,sanitize
FNF:12
FNH:6
FNDA:9,(anonymous_2)
FNDA:0,(anonymous_4)
FNDA:0,(anonymous_5)
FNDA:0,(anonymous_6)
FNDA:0,(anonymous_7)
FNDA:8,(anonymous_8)
FNDA:0,(anonymous_9)
FNDA:2,(anonymous_10)
FNDA:2,(anonymous_11)
FNDA:4,(anonymous_12)
FNDA:0,(anonymous_13)
FNDA:10,sanitize
DA:3,1
DA:4,8
DA:6,1
DA:7,0
DA:10,0
DA:13,1
DA:14,0
DA:15,0
DA:17,0
DA:18,0
DA:22,1
DA:23,8
DA:26,1
DA:27,0
DA:30,1
DA:31,2
DA:32,2
DA:33,2
DA:34,2
DA:35,2
DA:37,0
DA:38,0
DA:41,0
DA:44,1
DA:45,2
DA:46,2
DA:52,1
DA:53,4
DA:54,4
DA:55,4
DA:56,0
DA:60,0
DA:64,4
DA:66,1
DA:69,10
DA:70,6
LF:36
LH:24
BRDA:15,0,0,0
BRDA:33,1,0,2
BRDA:37,2,0,0
BRDA:55,3,0,0
BRDA:69,4,0,4
BRF:5
BRH:2
end_of_record
TN:
SF:src/wasm/program/compilable/params.ts
FN:2,(anonymous_2)
FN:5,(anonymous_4)
FN:8,(anonymous_5)
FN:12,(anonymous_6)
FN:17,(anonymous_7)
FN:21,(anonymous_8)
FN:29,(anonymous_9)
FN:37,(anonymous_10)
FN:45,sanitize
FNF:9
FNH:4
FNDA:9,(anonymous_2)
FNDA:8,(anonymous_4)
FNDA:0,(anonymous_5)
FNDA:0,(anonymous_6)
FNDA:0,(anonymous_7)
FNDA:2,(anonymous_8)
FNDA:0,(anonymous_9)
FNDA:0,(anonymous_10)
FNDA:2,sanitize
DA:2,1
DA:3,8
DA:5,1
DA:6,8
DA:9,0
DA:12,1
DA:13,0
DA:14,0
DA:16,0
DA:17,0
DA:21,1
DA:22,2
DA:23,2
DA:29,1
DA:30,0
DA:31,0
DA:32,0
DA:33,0
DA:37,0
DA:41,0
DA:43,1
DA:46,2
DA:47,0
LF:23
LH:11
BRDA:14,0,0,0
BRDA:32,1,0,0
BRDA:46,2,0,2
BRF:3
BRH:1
end_of_record
TN:
SF:src/wasm/program/instruction/add.ts
FN:4,(anonymous_2)
FN:5,Add
FN:13,make
FN:14,(anonymous_5)
FN:18,(anonymous_6)
FN:25,repeat
FNF:6
FNH:3
FNDA:1,(anonymous_2)
FNDA:8,Add
FNDA:32,make
FNDA:0,(anonymous_5)
FNDA:0,(anonymous_6)
FNDA:0,repeat
DA:4,1
DA:5,8
DA:7,8
DA:8,8
DA:9,8
DA:10,8
DA:11,1
DA:14,32
DA:15,0
DA:18,0
DA:26,0
DA:27,0
DA:28,0
LF:13
LH:8
BRF:0
BRH:0
end_of_record
TN:
SF:src/wasm/program/instruction/and.ts
FN:4,(anonymous_2)
FN:5,Add
FN:11,make
FN:12,(anonymous_5)
FN:16,(anonymous_6)
FN:23,repeat
FNF:6
FNH:3
FNDA:1,(anonymous_2)
FNDA:8,Add
FNDA:16,make
FNDA:0,(anonymous_5)
FNDA:0,(anonymous_6)
FNDA:0,repeat
DA:4,1
DA:5,8
DA:7,8
DA:8,8
DA:9,1
DA:12,16
DA:13,0
DA:16,0
DA:24,0
DA:25,0
DA:26,0
LF:11
LH:6
BRF:0
BRH:0
end_of_record
TN:
SF:src/wasm/program/instruction/bloc.ts
FN:3,(anonymous_2)
FN:12,make
FN:13,(anonymous_5)
FNF:3
FNH:2
FNDA:9,(anonymous_2)
FNDA:48,make
FNDA:0,(anonymous_5)
DA:3,1
DA:4,8
DA:5,8
DA:6,8
DA:7,8
DA:8,8
DA:9,8
DA:10,1
DA:13,48
DA:14,0
DA:15,0
LF:11
LH:9
BRF:0
BRH:0
end_of_record
TN:
SF:src/wasm/program/instruction/bool.ts
FN:3,(anonymous_2)
FN:9,make
FN:10,(anonymous_5)
FNF:3
FNH:2
FNDA:9,(anonymous_2)
FNDA:24,make
FNDA:0,(anonymous_5)
DA:3,1
DA:4,8
DA:5,8
DA:6,8
DA:7,1
DA:10,24
DA:11,0
DA:12,0
DA:13,0
DA:15,0
LF:10
LH:6
BRF:0
BRH:0
end_of_record
TN:
SF:src/wasm/program/instruction/call.ts
FN:7,(anonymous_2)
FN:8,Call
FN:18,make
FN:19,(anonymous_5)
FNF:4
FNH:3
FNDA:1,(anonymous_2)
FNDA:8,Call
FNDA:48,make
FNDA:0,(anonymous_5)
DA:7,1
DA:8,8
DA:10,8
DA:11,8
DA:12,8
DA:13,8
DA:14,8
DA:15,8
DA:16,1
DA:19,48
DA:21,0
DA:23,0
DA:24,0
DA:25,0
DA:29,0
DA:30,0
DA:31,0
DA:35,0
DA:36,0
DA:37,0
DA:38,0
DA:39,0
DA:40,0
DA:41,0
DA:46,0
LF:25
LH:10
BRDA:24,0,0,0
BRDA:30,1,0,0
BRDA:40,2,0,0
BRF:3
BRH:0
end_of_record
TN:
SF:src/wasm/program/instruction/const.ts
FN:3,(anonymous_0)
FN:10,make
FN:11,(anonymous_3)
FNF:3
FNH:2
FNDA:9,(anonymous_0)
FNDA:32,make
FNDA:0,(anonymous_3)
DA:3,1
DA:4,8
DA:5,8
DA:6,8
DA:7,8
DA:8,1
DA:11,32
DA:12,0
LF:8
LH:7
BRF:0
BRH:0
end_of_record
TN:
SF:src/wasm/program/instruction/dec-and-get.ts
FN:9,(anonymous_0)
FN:15,DecAndGet
FN:23,make
FN:24,(anonymous_3)
FNF:4
FNH:3
FNDA:1,(anonymous_0)
FNDA:8,DecAndGet
FNDA:32,make
FNDA:0,(anonymous_3)
DA:9,1
DA:16,8
DA:17,8
DA:18,8
DA:19,8
DA:21,1
DA:24,32
DA:26,0
DA:28,0
DA:30,0
DA:31,0
LF:11
LH:7
BRDA:26,0,0,0
BRDA:30,1,0,0
BRDA:30,1,1,0
BRF:3
BRH:0
end_of_record
TN:
SF:src/wasm/program/instruction/dec.ts
FN:9,(anonymous_0)
FN:15,DecAndGet
FN:23,make
FN:24,(anonymous_3)
FNF:4
FNH:3
FNDA:1,(anonymous_0)
FNDA:8,DecAndGet
FNDA:32,make
FNDA:0,(anonymous_3)
DA:9,1
DA:16,8
DA:17,8
DA:18,8
DA:19,8
DA:21,1
DA:24,32
DA:26,0
DA:28,0
DA:30,0
DA:31,0
LF:11
LH:7
BRDA:26,0,0,0
BRDA:30,1,0,0
BRDA:30,1,1,0
BRF:3
BRH:0
end_of_record
TN:
SF:src/wasm/program/instruction/declare.ts
FN:4,(anonymous_1)
FN:5,Declare
FN:7,(anonymous_3)
FN:16,(anonymous_4)
FNF:4
FNH:2
FNDA:1,(anonymous_1)
FNDA:8,Declare
FNDA:0,(anonymous_3)
FNDA:0,(anonymous_4)
DA:4,1
DA:5,8
DA:7,1
DA:8,0
DA:10,0
DA:11,0
DA:12,0
DA:16,0
DA:17,0
DA:22,1
LF:10
LH:4
BRDA:8,0,0,0
BRF:1
BRH:0
end_of_record
TN:
SF:src/wasm/program/instruction/flow.ts
FN:9,(anonymous_4)
FN:10,Flow
FN:12,(anonymous_6)
FN:40,(anonymous_7)
FN:56,(anonymous_8)
FN:80,makeFunc
FN:81,(anonymous_10)
FN:97,(anonymous_11)
FN:105,(anonymous_12)
FN:119,(anonymous_13)
FNF:10
FNH:8
FNDA:1,(anonymous_4)
FNDA:8,Flow
FNDA:8,(anonymous_6)
FNDA:0,(anonymous_7)
FNDA:0,(anonymous_8)
FNDA:40,makeFunc
FNDA:8,(anonymous_10)
FNDA:10,(anonymous_11)
FNDA:10,(anonymous_12)
FNDA:2,(anonymous_13)
DA:9,1
DA:10,8
DA:12,24
DA:13,8
DA:21,8
DA:22,8
DA:23,4
DA:25,8
DA:26,8
DA:32,8
DA:40,1
DA:44,0
DA:45,0
DA:47,0
DA:56,1
DA:58,0
DA:60,0
DA:61,0
DA:62,0
DA:78,1
DA:81,40
DA:83,26
DA:88,8
DA:95,8
DA:96,8
DA:97,10
DA:99,8
DA:100,0
DA:104,8
DA:105,10
DA:107,8
DA:108,8
DA:109,8
DA:110,8
DA:120,2
LF:35
LH:27
BRDA:22,0,0,4
BRDA:44,1,0,0
BRDA:99,2,0,0
BRDA:107,3,0,8
BRDA:109,4,0,0
BRDA:109,4,1,8
BRDA:109,5,0,8
BRDA:109,5,1,8
BRDA:109,6,0,8
BRDA:109,6,1,0
BRDA:109,7,0,8
BRDA:109,7,1,8
BRDA:114,8,0,8
BRDA:114,8,1,0
BRDA:115,9,0,0
BRDA:115,9,1,8
BRF:16
BRH:10
end_of_record
TN:
SF:src/wasm/program/instruction/get.ts
FN:6,(anonymous_0)
FN:12,Get
FN:20,make
FN:21,(anonymous_3)
FNF:4
FNH:3
FNDA:1,(anonymous_0)
FNDA:8,Get
FNDA:32,make
FNDA:0,(anonymous_3)
DA:6,1
DA:13,8
DA:14,8
DA:15,8
DA:16,8
DA:18,1
DA:21,32
DA:22,0
DA:23,0
LF:9
LH:7
BRF:0
BRH:0
end_of_record
TN:
SF:src/wasm/program/instruction/if.ts
FN:9,(anonymous_2)
FN:10,If
FN:20,make
FN:21,(anonymous_5)
FNF:4
FNH:3
FNDA:1,(anonymous_2)
FNDA:8,If
FNDA:48,make
FNDA:0,(anonymous_5)
DA:9,1
DA:10,8
DA:12,8
DA:13,8
DA:14,8
DA:15,8
DA:16,8
DA:17,8
DA:18,1
DA:21,48
DA:26,0
DA:33,0
DA:34,0
DA:36,0
DA:37,0
LF:15
LH:10
BRDA:33,0,0,0
BRF:1
BRH:0
end_of_record
TN:
SF:src/wasm/program/instruction/inc-and-get.ts
FN:9,(anonymous_0)
FN:15,IncAndGet
FN:23,make
FN:24,(anonymous_3)
FNF:4
FNH:3
FNDA:1,(anonymous_0)
FNDA:8,IncAndGet
FNDA:32,make
FNDA:0,(anonymous_3)
DA:9,1
DA:16,8
DA:17,8
DA:18,8
DA:19,8
DA:21,1
DA:24,32
DA:26,0
DA:28,0
DA:30,0
DA:31,0
LF:11
LH:7
BRDA:26,0,0,0
BRDA:30,1,0,0
BRDA:30,1,1,0
BRF:3
BRH:0
end_of_record
TN:
SF:src/wasm/program/instruction/inc.ts
FN:9,(anonymous_0)
FN:15,Inc
FN:23,make
FN:24,(anonymous_3)
FNF:4
FNH:3
FNDA:1,(anonymous_0)
FNDA:8,Inc
FNDA:32,make
FNDA:0,(anonymous_3)
DA:9,1
DA:16,8
DA:17,8
DA:18,8
DA:19,8
DA:21,1
DA:24,32
DA:25,0
DA:26,0
LF:9
LH:7
BRDA:24,0,0,0
BRF:1
BRH:0
end_of_record
TN:
SF:src/wasm/program/instruction/log.ts
FN:4,(anonymous_0)
FN:5,Log
FN:7,(anonymous_2)
FN:21,(anonymous_3)
FN:35,(anonymous_4)
FNF:5
FNH:2
FNDA:1,(anonymous_0)
FNDA:8,Log
FNDA:0,(anonymous_2)
FNDA:0,(anonymous_3)
FNDA:0,(anonymous_4)
DA:4,1
DA:5,8
DA:7,1
DA:8,0
DA:9,0
DA:10,0
DA:11,0
DA:21,1
DA:22,0
DA:23,0
DA:24,0
DA:25,0
DA:35,1
DA:36,0
DA:37,0
DA:42,1
LF:16
LH:6
BRF:0
BRH:0
end_of_record
TN:
SF:src/wasm/program/instruction/mul.ts
FN:4,(anonymous_0)
FN:5,Mul
FN:13,make
FN:14,(anonymous_3)
FNF:4
FNH:3
FNDA:1,(anonymous_0)
FNDA:8,Mul
FNDA:32,make
FNDA:0,(anonymous_3)
DA:4,1
DA:5,8
DA:7,8
DA:8,8
DA:9,8
DA:10,8
DA:11,1
DA:14,32
DA:15,0
LF:9
LH:8
BRF:0
BRH:0
end_of_record
TN:
SF:src/wasm/program/instruction/nearest.ts
FN:3,(anonymous_0)
FN:8,make
FN:12,(anonymous_3)
FNF:3
FNH:2
FNDA:9,(anonymous_0)
FNDA:16,make
FNDA:0,(anonymous_3)
DA:3,1
DA:4,8
DA:5,8
DA:6,1
DA:12,16
DA:13,0
LF:6
LH:5
BRF:0
BRH:0
end_of_record
TN:
SF:src/wasm/program/instruction/param.ts
FN:6,(anonymous_0)
FN:12,Params
FN:20,make
FN:21,(anonymous_3)
FNF:4
FNH:3
FNDA:1,(anonymous_0)
FNDA:8,Params
FNDA:32,make
FNDA:0,(anonymous_3)
DA:6,1
DA:13,8
DA:14,8
DA:15,8
DA:16,8
DA:18,1
DA:21,32
DA:22,0
DA:23,0
DA:24,0
DA:28,0
LF:11
LH:7
BRDA:23,0,0,0
BRF:1
BRH:0
end_of_record
TN:
SF:src/wasm/program/instruction/peek.ts
FN:8,(anonymous_0)
FN:24,Peek
FN:42,make
FN:47,(anonymous_3)
FNF:4
FNH:3
FNDA:1,(anonymous_0)
FNDA:8,Peek
FNDA:112,make
FNDA:0,(anonymous_3)
DA:8,1
DA:25,8
DA:26,8
DA:27,8
DA:28,8
DA:29,8
DA:30,8
DA:31,8
DA:32,8
DA:33,8
DA:34,8
DA:35,8
DA:36,8
DA:37,8
DA:38,8
DA:40,1
DA:45,144
DA:47,112
DA:48,0
DA:49,0
DA:50,0
LF:21
LH:18
BRDA:45,0,0,32
BRF:1
BRH:1
end_of_record
TN:
SF:src/wasm/program/instruction/poke.ts
FN:10,(anonymous_0)
FN:21,Poke
FN:34,make
FN:39,(anonymous_3)
FN:55,computeOffset
FN:67,applyBPE
FNF:6
FNH:3
FNDA:1,(anonymous_0)
FNDA:8,Poke
FNDA:72,make
FNDA:0,(anonymous_3)
FNDA:0,computeOffset
FNDA:0,applyBPE
DA:10,1
DA:22,8
DA:23,8
DA:24,8
DA:25,8
DA:26,8
DA:27,8
DA:28,8
DA:29,8
DA:30,8
DA:32,1
DA:37,104
DA:39,72
DA:44,0
DA:60,0
DA:61,0
DA:62,0
DA:64,0
DA:72,0
DA:73,0
DA:76,0
DA:78,0
DA:80,0
DA:82,0
DA:84,0
LF:25
LH:13
BRDA:37,0,0,32
BRDA:62,1,0,0
BRDA:73,2,0,0
BRDA:73,2,1,0
BRDA:73,2,2,0
BRDA:73,2,3,0
BRDA:73,2,4,0
BRF:7
BRH:1
end_of_record
TN:
SF:src/wasm/program/instruction/set-and-get.ts
FN:6,(anonymous_0)
FN:12,Get
FN:20,make
FN:21,(anonymous_3)
FNF:4
FNH:3
FNDA:1,(anonymous_0)
FNDA:8,Get
FNDA:32,make
FNDA:0,(anonymous_3)
DA:6,1
DA:13,8
DA:14,8
DA:15,8
DA:16,8
DA:18,1
DA:21,32
DA:22,0
DA:23,0
DA:24,0
LF:10
LH:7
BRDA:21,0,0,0
BRF:1
BRH:0
end_of_record
TN:
SF:src/wasm/program/instruction/set.ts
FN:9,(anonymous_0)
FN:15,Set
FN:23,make
FN:24,(anonymous_3)
FNF:4
FNH:4
FNDA:1,(anonymous_0)
FNDA:8,Set
FNDA:32,make
FNDA:2,(anonymous_3)
DA:9,1
DA:16,8
DA:17,8
DA:18,8
DA:19,8
DA:21,1
DA:24,32
DA:26,2
DA:28,2
DA:29,2
DA:30,2
LF:11
LH:11
BRDA:26,0,0,0
BRF:1
BRH:0
end_of_record
TN:
SF:src/wasm/program/instruction/shl.ts
FN:7,(anonymous_0)
FN:8,Shl
FN:14,make
FN:15,(anonymous_3)
FNF:4
FNH:3
FNDA:1,(anonymous_0)
FNDA:8,Shl
FNDA:16,make
FNDA:0,(anonymous_3)
DA:7,1
DA:8,8
DA:10,8
DA:11,8
DA:12,1
DA:15,16
DA:16,0
LF:7
LH:6
BRF:0
BRH:0
end_of_record
TN:
SF:src/wasm/program/instruction/sub.ts
FN:4,(anonymous_0)
FN:5,Mul
FN:13,make
FN:14,(anonymous_3)
FNF:4
FNH:3
FNDA:1,(anonymous_0)
FNDA:8,Mul
FNDA:32,make
FNDA:0,(anonymous_3)
DA:4,1
DA:5,8
DA:7,8
DA:8,8
DA:9,8
DA:10,8
DA:11,1
DA:14,32
DA:15,0
LF:9
LH:8
BRF:0
BRH:0
end_of_record
TN:
SF:src/wasm/program/instruction/calc/calc.ts
FN:8,(anonymous_1)
FN:9,Calc
FN:17,make
FN:18,(anonymous_4)
FN:37,generateCode
FN:99,spc
FN:105,generateCodeForOpe
FNF:7
FNH:6
FNDA:1,(anonymous_1)
FNDA:8,Calc
FNDA:32,make
FNDA:8,(anonymous_4)
FNDA:16,generateCode
FNDA:0,spc
FNDA:3,generateCodeForOpe
DA:2,1
DA:3,1
DA:5,1
DA:8,1
DA:9,8
DA:11,8
DA:12,8
DA:13,8
DA:14,8
DA:15,1
DA:18,32
DA:19,8
DA:20,8
DA:21,8
DA:22,8
DA:23,8
DA:24,8
DA:25,8
DA:30,0
DA:31,0
DA:32,0
DA:38,16
DA:39,16
DA:41,0
DA:47,6
DA:48,6
DA:50,2
DA:51,2
DA:53,3
DA:54,3
DA:55,3
DA:57,5
DA:59,3
DA:65,2
DA:66,2
DA:69,2
DA:71,0
DA:72,0
DA:74,0
DA:75,0
DA:77,0
DA:78,0
DA:80,0
DA:81,0
DA:83,2
DA:84,2
DA:87,5
DA:88,5
DA:90,0
DA:93,0
DA:94,0
DA:95,0
DA:100,0
DA:101,0
DA:102,0
DA:110,3
DA:115,2
DA:116,2
DA:117,2
DA:118,2
DA:119,2
DA:123,0
DA:124,0
DA:130,0
DA:131,0
DA:137,0
DA:142,1
DA:143,1
DA:144,1
DA:145,1
DA:146,1
DA:147,1
DA:148,0
DA:152,1
DA:153,1
LF:75
LH:50
BRDA:39,0,0,0
BRDA:39,0,1,6
BRDA:39,0,2,2
BRDA:39,0,3,3
BRDA:39,0,4,5
BRDA:39,0,5,0
BRDA:57,1,0,3
BRDA:57,1,1,2
BRDA:66,2,0,2
BRDA:66,2,1,0
BRDA:66,2,2,0
BRDA:66,2,3,0
BRDA:66,2,4,0
BRDA:83,3,0,2
BRDA:110,4,0,1
BRDA:110,4,1,1
BRDA:110,4,2,1
BRDA:110,4,3,2
BRDA:110,4,4,0
BRDA:110,4,5,0
BRDA:110,4,6,0
BRDA:110,4,7,0
BRDA:110,4,8,0
BRDA:110,4,9,0
BRDA:110,4,10,1
BRDA:147,5,0,0
BRDA:149,6,0,0
BRDA:149,6,1,0
BRDA:149,7,0,0
BRDA:149,7,1,0
BRF:30
BRH:13
end_of_record
TN:
SF:src/wasm/program/instruction/calc/convert.ts
FN:3,generateConvert
FN:69,generateConvertInteger
FNF:2
FNH:1
FNDA:46,generateConvert
FNDA:0,generateConvertInteger
DA:3,2
DA:7,46
DA:9,46
DA:10,46
DA:11,46
DA:13,30
DA:14,30
DA:16,12
DA:18,2
DA:19,2
DA:21,8
DA:22,8
DA:24,2
DA:25,2
DA:27,0
DA:29,6
DA:31,2
DA:32,2
DA:34,2
DA:35,2
DA:37,2
DA:38,2
DA:40,0
DA:42,6
DA:44,2
DA:45,2
DA:47,2
DA:48,2
DA:50,2
DA:51,2
DA:53,0
DA:55,6
DA:57,2
DA:58,2
DA:60,2
DA:61,2
DA:63,2
DA:64,2
DA:69,2
DA:73,0
DA:75,0
DA:76,0
DA:77,0
DA:79,0
DA:80,0
DA:82,0
DA:84,0
DA:85,0
DA:87,0
DA:88,0
DA:90,0
DA:92,0
DA:94,0
DA:96,0
DA:97,0
DA:99,0
DA:100,0
DA:102,0
DA:103,0
DA:105,0
DA:107,0
DA:109,0
DA:110,0
DA:112,0
DA:113,0
DA:115,0
DA:116,0
DA:118,0
LF:68
LH:36
BRDA:7,0,0,0
BRDA:9,1,0,0
BRDA:10,2,0,0
BRDA:11,3,0,16
BRDA:13,4,0,18
BRDA:13,4,1,12
BRDA:14,5,0,12
BRDA:14,5,1,6
BRDA:14,5,2,6
BRDA:14,5,3,6
BRDA:16,6,0,2
BRDA:16,6,1,8
BRDA:16,6,2,2
BRDA:29,7,0,2
BRDA:29,7,1,2
BRDA:29,7,2,2
BRDA:42,8,0,2
BRDA:42,8,1,2
BRDA:42,8,2,2
BRDA:55,9,0,2
BRDA:55,9,1,2
BRDA:55,9,2,2
BRDA:73,10,0,0
BRDA:75,11,0,0
BRDA:76,12,0,0
BRDA:77,13,0,0
BRDA:79,14,0,0
BRDA:79,14,1,0
BRDA:80,15,0,0
BRDA:80,15,1,0
BRDA:80,15,2,0
BRDA:82,16,0,0
BRDA:82,16,1,0
BRDA:82,16,2,0
BRDA:94,17,0,0
BRDA:94,17,1,0
BRDA:94,17,2,0
BRDA:107,18,0,0
BRDA:107,18,1,0
BRDA:107,18,2,0
BRF:40
BRH:19
end_of_record
TN:
SF:src/wasm/program/instruction/calc/index.ts
FN:1,(anonymous_1)
FNF:1
FNH:1
FNDA:8,(anonymous_1)
DA:1,9
LF:1
LH:1
BRF:0
BRH:0
end_of_record
TN:
SF:src/wasm/program/instruction/calc/lexer.ts
FN:27,parseTokens
FN:41,nextToken
FN:55,checkToken
FN:83,detectNumbersSigns
FNF:4
FNH:4
FNDA:11,parseTokens
FNDA:68,nextToken
FNDA:664,checkToken
FNDA:11,detectNumbersSigns
DA:1,2
DA:27,2
DA:28,11
DA:29,11
DA:30,11
DA:31,68
DA:32,68
DA:33,68
DA:34,68
DA:36,50
DA:38,11
DA:42,578
DA:43,578
DA:44,578
DA:46,68
DA:48,0
DA:55,2
DA:60,664
DA:61,664
DA:63,664
DA:64,664
DA:65,664
DA:67,154
DA:70,2
DA:84,11
DA:85,11
DA:86,11
DA:87,50
DA:88,50
DA:89,4
DA:90,3
DA:91,3
DA:93,1
DA:96,46
DA:97,1
DA:98,45
DA:99,0
DA:101,45
DA:103,46
DA:105,50
DA:107,11
LF:41
LH:39
BRDA:34,0,0,18
BRDA:44,1,0,510
BRDA:61,2,0,0
BRDA:65,3,0,510
BRDA:88,4,0,4
BRDA:88,4,1,46
BRDA:89,5,0,3
BRDA:89,5,1,1
BRDA:96,6,0,1
BRDA:96,6,1,45
BRDA:96,7,0,46
BRDA:96,7,1,1
BRDA:98,8,0,0
BRDA:98,8,1,45
BRDA:98,9,0,45
BRDA:98,9,1,0
BRF:16
BRH:13
end_of_record
TN:
SF:src/wasm/program/instruction/calc/max-type.ts
FN:3,maxType
FN:25,maxTypeStandard
FN:34,maxTypeInteger
FN:42,splitType
FNF:4
FNH:3
FNDA:7,maxType
FNDA:7,maxTypeStandard
FNDA:0,maxTypeInteger
FNDA:14,splitType
DA:3,1
DA:4,7
DA:13,7
DA:17,0
DA:19,0
DA:26,7
DA:28,7
DA:29,7
DA:30,7
DA:31,7
DA:35,0
DA:37,0
DA:38,0
DA:39,0
DA:43,14
DA:44,14
LF:16
LH:10
BRDA:4,0,0,2
BRDA:4,0,1,2
BRDA:4,0,2,3
BRDA:4,0,3,5
BRDA:4,0,4,5
BRDA:4,0,5,7
BRDA:4,0,6,7
BRDA:4,0,7,7
BRDA:4,0,8,0
BRDA:4,0,9,0
BRDA:4,0,10,0
BRDA:4,0,11,0
BRDA:26,1,0,0
BRDA:26,2,0,7
BRDA:26,2,1,0
BRDA:30,3,0,2
BRDA:30,3,1,5
BRDA:30,4,0,7
BRDA:30,4,1,5
BRDA:35,5,0,0
BRDA:35,6,0,0
BRDA:35,6,1,0
BRDA:43,7,0,0
BRF:23
BRH:13
end_of_record
TN:
SF:src/wasm/program/instruction/calc/scanner.ts
FN:107,(anonymous_5)
FN:108,Scanner
FN:110,(anonymous_7)
FN:116,(anonymous_8)
FN:152,(anonymous_9)
FN:162,(anonymous_10)
FN:171,(anonymous_11)
FN:198,(anonymous_12)
FN:228,(anonymous_13)
FN:253,(anonymous_14)
FN:266,(anonymous_15)
FN:279,(anonymous_16)
FN:307,checkToken
FN:320,makeErr
FN:331,optimizeTree
FN:355,makeNum
FN:364,getTokens
FNF:17
FNH:16
FNDA:1,(anonymous_5)
FNDA:8,Scanner
FNDA:8,(anonymous_7)
FNDA:19,(anonymous_8)
FNDA:7,(anonymous_9)
FNDA:7,(anonymous_10)
FNDA:5,(anonymous_11)
FNDA:5,(anonymous_12)
FNDA:25,(anonymous_13)
FNDA:19,(anonymous_14)
FNDA:7,(anonymous_15)
FNDA:7,(anonymous_16)
FNDA:85,checkToken
FNDA:0,makeErr
FNDA:16,optimizeTree
FNDA:3,makeNum
FNDA:8,getTokens
DA:3,1
DA:4,1
DA:95,1
DA:107,1
DA:108,8
DA:110,1
DA:111,8
DA:112,8
DA:113,8
DA:116,1
DA:118,19
DA:124,19
DA:125,25
DA:126,25
DA:128,6
DA:129,6
DA:130,0
DA:134,6
DA:135,6
DA:149,19
DA:152,1
DA:153,7
DA:154,7
DA:156,0
DA:157,0
DA:159,0
DA:162,1
DA:163,7
DA:164,7
DA:166,0
DA:167,0
DA:168,0
DA:171,1
DA:172,5
DA:173,5
DA:175,5
DA:176,5
DA:177,5
DA:178,5
DA:179,5
DA:198,1
DA:199,5
DA:200,5
DA:202,5
DA:203,5
DA:204,0
DA:209,5
DA:210,5
DA:211,5
DA:212,0
DA:214,5
DA:215,25
DA:216,5
DA:228,1
DA:231,25
DA:245,25
DA:247,6
DA:253,1
DA:254,19
DA:255,19
DA:257,12
DA:258,12
DA:266,1
DA:267,7
DA:268,7
DA:270,0
DA:271,0
DA:279,1
DA:280,7
DA:281,7
DA:283,2
DA:284,2
DA:285,0
DA:292,2
DA:293,2
DA:300,0
DA:305,1
DA:307,505
DA:308,85
DA:309,85
DA:311,73
DA:312,73
DA:313,35
DA:314,35
DA:317,38
DA:321,0
DA:322,0
DA:331,1
DA:332,16
DA:334,4
DA:335,4
DA:336,4
DA:338,3
DA:339,3
DA:340,3
DA:341,3
DA:343,1
DA:345,1
DA:347,1
DA:349,0
DA:351,0
DA:356,3
DA:365,8
DA:366,8
DA:367,35
DA:368,35
DA:369,35
DA:371,8
DA:372,8
LF:109
LH:92
BRDA:118,0,0,19
BRDA:118,0,1,0
BRDA:118,1,0,19
BRDA:118,1,1,19
BRDA:118,2,0,14
BRDA:118,2,1,5
BRDA:118,3,0,19
BRDA:118,3,1,14
BRDA:118,4,0,12
BRDA:118,4,1,7
BRDA:118,5,0,19
BRDA:118,5,1,12
BRDA:118,6,0,12
BRDA:118,6,1,7
BRDA:118,7,0,19
BRDA:118,7,1,12
BRDA:118,8,0,12
BRDA:118,8,1,7
BRDA:118,9,0,19
BRDA:118,9,1,12
BRDA:126,10,0,19
BRDA:129,11,0,0
BRDA:138,12,0,6
BRDA:138,12,1,1
BRDA:154,13,0,7
BRDA:156,14,0,0
BRDA:164,15,0,7
BRDA:173,16,0,0
BRDA:200,17,0,0
BRDA:203,18,0,0
BRDA:211,19,0,0
BRDA:245,20,0,19
BRDA:249,21,0,6
BRDA:249,21,1,0
BRDA:249,22,0,6
BRDA:249,22,1,6
BRDA:255,23,0,7
BRDA:260,24,0,11
BRDA:260,24,1,1
BRDA:261,25,0,1
BRDA:261,25,1,11
BRDA:268,26,0,7
BRDA:281,27,0,5
BRDA:284,28,0,0
BRDA:292,29,0,2
BRDA:309,30,0,12
BRDA:312,31,0,35
BRDA:332,32,0,12
BRDA:336,33,0,1
BRDA:336,34,0,4
BRDA:336,34,1,3
BRDA:341,35,0,1
BRDA:341,35,1,1
BRDA:341,35,2,1
BRDA:341,35,3,0
BRDA:341,35,4,0
BRDA:358,36,0,3
BRDA:358,36,1,0
BRDA:359,37,0,0
BRDA:359,37,1,3
BRDA:368,38,0,0
BRDA:368,38,1,35
BRDA:369,39,0,0
BRDA:371,40,0,0
BRF:64
BRH:48
end_of_record
TN:
SF:src/wasm/program/instruction/is/different.ts
FN:3,(anonymous_0)
FN:10,make
FN:11,(anonymous_3)
FNF:3
FNH:2
FNDA:9,(anonymous_0)
FNDA:32,make
FNDA:0,(anonymous_3)
DA:3,1
DA:4,8
DA:5,8
DA:6,8
DA:7,8
DA:8,1
DA:11,32
DA:12,0
LF:8
LH:7
BRF:0
BRH:0
end_of_record
TN:
SF:src/wasm/program/instruction/is/equal.ts
FN:3,(anonymous_0)
FN:10,make
FN:11,(anonymous_3)
FNF:3
FNH:2
FNDA:9,(anonymous_0)
FNDA:32,make
FNDA:0,(anonymous_3)
DA:3,1
DA:4,8
DA:5,8
DA:6,8
DA:7,8
DA:8,1
DA:11,32
DA:12,0
LF:8
LH:7
BRF:0
BRH:0
end_of_record
TN:
SF:src/wasm/program/instruction/is/greater-or-equal.ts
FN:3,(anonymous_0)
FN:12,make
FN:13,(anonymous_3)
FNF:3
FNH:2
FNDA:9,(anonymous_0)
FNDA:48,make
FNDA:0,(anonymous_3)
DA:3,1
DA:4,8
DA:5,8
DA:6,8
DA:7,8
DA:8,8
DA:9,8
DA:10,1
DA:12,64
DA:13,48
DA:14,0
LF:11
LH:10
BRDA:12,0,0,16
BRF:1
BRH:1
end_of_record
TN:
SF:src/wasm/program/instruction/is/greater.ts
FN:5,(anonymous_0)
FN:6,Greater
FN:16,make
FN:21,(anonymous_3)
FNF:4
FNH:3
FNDA:1,(anonymous_0)
FNDA:8,Greater
FNDA:48,make
FNDA:0,(anonymous_3)
DA:5,1
DA:6,8
DA:8,8
DA:9,8
DA:10,8
DA:11,8
DA:12,8
DA:13,8
DA:14,1
DA:19,64
DA:21,48
DA:22,0
LF:12
LH:11
BRDA:19,0,0,16
BRF:1
BRH:1
end_of_record
TN:
SF:src/wasm/program/instruction/is/index.ts
FN:12,(anonymous_1)
FN:13,Is
FNF:2
FNH:2
FNDA:1,(anonymous_1)
FNDA:8,Is
DA:1,1
DA:2,1
DA:3,1
DA:4,1
DA:5,1
DA:6,1
DA:7,1
DA:8,1
DA:10,1
DA:12,1
DA:13,8
DA:15,8
DA:16,8
DA:17,8
DA:18,8
DA:19,8
DA:20,8
DA:21,8
DA:22,8
DA:23,8
DA:24,1
LF:21
LH:21
BRF:0
BRH:0
end_of_record
TN:
SF:src/wasm/program/instruction/is/lesser-or-equal.ts
FN:3,(anonymous_0)
FN:12,make
FN:13,(anonymous_3)
FNF:3
FNH:2
FNDA:9,(anonymous_0)
FNDA:48,make
FNDA:0,(anonymous_3)
DA:3,1
DA:4,8
DA:5,8
DA:6,8
DA:7,8
DA:8,8
DA:9,8
DA:10,1
DA:12,64
DA:13,48
DA:14,0
LF:11
LH:10
BRDA:12,0,0,16
BRF:1
BRH:1
end_of_record
TN:
SF:src/wasm/program/instruction/is/lesser.ts
FN:5,(anonymous_0)
FN:6,Greater
FN:16,make
FN:21,(anonymous_3)
FNF:4
FNH:3
FNDA:1,(anonymous_0)
FNDA:8,Greater
FNDA:48,make
FNDA:0,(anonymous_3)
DA:5,1
DA:6,8
DA:8,8
DA:9,8
DA:10,8
DA:11,8
DA:12,8
DA:13,8
DA:14,1
DA:19,64
DA:21,48
DA:22,0
LF:12
LH:11
BRDA:19,0,0,16
BRF:1
BRH:1
end_of_record
TN:
SF:src/wasm/program/instruction/is/negative.ts
FN:3,(anonymous_0)
FN:10,make
FN:11,(anonymous_3)
FNF:3
FNH:2
FNDA:9,(anonymous_0)
FNDA:32,make
FNDA:0,(anonymous_3)
DA:3,1
DA:4,8
DA:5,8
DA:6,8
DA:7,8
DA:8,1
DA:10,48
DA:11,32
DA:12,0
LF:9
LH:8
BRDA:10,0,0,16
BRF:1
BRH:1
end_of_record
TN:
SF:src/wasm/program/instruction/is/positive.ts
FN:3,(anonymous_0)
FN:10,make
FN:11,(anonymous_3)
FNF:3
FNH:2
FNDA:9,(anonymous_0)
FNDA:32,make
FNDA:0,(anonymous_3)
DA:3,1
DA:4,8
DA:5,8
DA:6,8
DA:7,8
DA:8,1
DA:10,48
DA:11,32
DA:12,0
LF:9
LH:8
BRDA:10,0,0,16
BRF:1
BRH:1
end_of_record
TN:
SF:src/wasm/program/instruction/is/zero.ts
FN:3,(anonymous_0)
FN:8,make
FN:9,(anonymous_3)
FNF:3
FNH:2
FNDA:9,(anonymous_0)
FNDA:16,make
FNDA:0,(anonymous_3)
DA:3,1
DA:4,8
DA:5,8
DA:6,1
DA:9,16
DA:10,0
LF:6
LH:5
BRF:0
BRH:0
end_of_record
TN:
SF:src/wasm/program/manager/memory-manager.ts
FN:20,(anonymous_2)
FN:28,MemoryManager
FN:67,(anonymous_4)
FN:86,(anonymous_5)
FN:93,(anonymous_6)
FN:101,(anonymous_7)
FN:108,(anonymous_8)
FN:115,(anonymous_9)
FN:119,(anonymous_10)
FN:129,(anonymous_11)
FN:138,(anonymous_12)
FN:144,makeArray
FN:159,figureOutType
FN:167,figureOutIfIsAlwaysPositive
FN:175,figureOutExtension
FNF:15
FNH:13
FNDA:1,(anonymous_2)
FNDA:8,MemoryManager
FNDA:7,(anonymous_4)
FNDA:10,(anonymous_5)
FNDA:10,(anonymous_6)
FNDA:5,(anonymous_7)
FNDA:5,(anonymous_8)
FNDA:5,(anonymous_9)
FNDA:35,(anonymous_10)
FNDA:0,(anonymous_11)
FNDA:0,(anonymous_12)
FNDA:20,makeArray
FNDA:10,figureOutType
FNDA:10,figureOutIfIsAlwaysPositive
FNDA:10,figureOutExtension
DA:20,1
DA:25,8
DA:28,12
DA:29,8
DA:30,8
DA:31,10
DA:32,10
DA:33,10
DA:34,10
DA:42,10
DA:44,0
DA:45,0
DA:50,8
DA:51,8
DA:52,8
DA:56,8
DA:57,10
DA:58,10
DA:59,10
DA:61,8
DA:67,1
DA:68,7
DA:69,7
DA:70,7
DA:71,10
DA:72,10
DA:73,10
DA:74,0
DA:77,20
DA:78,10
DA:80,7
DA:86,1
DA:87,10
DA:93,1
DA:94,10
DA:101,1
DA:102,5
DA:108,1
DA:109,5
DA:115,1
DA:116,5
DA:119,1
DA:120,35
DA:121,7
DA:123,35
DA:124,35
DA:126,0
DA:129,1
DA:130,0
DA:131,0
DA:132,0
DA:136,0
DA:138,0
DA:142,1
DA:149,20
DA:150,8
DA:151,12
DA:152,12
DA:153,0
DA:154,0
DA:155,0
DA:156,0
DA:160,10
DA:161,6
DA:162,0
DA:163,0
DA:164,0
DA:168,10
DA:169,6
DA:170,0
DA:171,0
DA:172,0
DA:176,10
DA:177,6
DA:178,0
DA:179,0
DA:180,0
LF:77
LH:55
BRDA:28,0,0,4
BRDA:29,1,0,4
BRDA:29,1,1,4
BRDA:29,2,0,8
BRDA:29,2,1,8
BRDA:73,3,0,0
BRDA:120,4,0,7
BRDA:120,5,0,35
BRDA:120,5,1,35
BRDA:124,6,0,35
BRDA:131,7,0,0
BRDA:149,8,0,8
BRDA:151,9,0,12
BRDA:153,10,0,0
BRDA:160,11,0,4
BRDA:161,12,0,6
BRDA:162,13,0,0
BRDA:168,14,0,4
BRDA:169,15,0,6
BRDA:170,16,0,0
BRDA:176,17,0,4
BRDA:177,18,0,6
BRDA:178,19,0,0
BRF:23
BRH:17
end_of_record
